INFO: [2024-08-17-03-22-56-100-UTC] (/home/mbullock/Documents/solarCar/Helios-Hermes/InfrastructureLayer/Logging/Logging.cpp) Logging Initialized
DEBUG: [2024-08-17-03-22-56-100-UTC] (/home/mbullock/Documents/solarCar/Helios-Hermes/CommunicationLayer/CommDeviceControl/MqttMessageForwarder.cpp) Attempting to Setup MQTT Client
DEBUG: [2024-08-17-03-22-56-107-UTC] (/home/mbullock/Documents/solarCar/Helios-Hermes/HeliosHermes.cpp) INIT
DEBUG: [2024-08-17-03-22-56-107-UTC] (/home/mbullock/Documents/solarCar/Helios-Hermes/CommunicationLayer/CommDeviceControl/RadioCommDevice.cpp) QSerialPort::DeviceNotFoundError
DEBUG: [2024-08-17-03-22-56-107-UTC] (/home/mbullock/Documents/solarCar/Helios-Hermes/CommunicationLayer/CommDeviceControl/RadioCommDevice.cpp) "No such file or directory"
DEBUG: [2024-08-17-03-22-56-108-UTC] (/home/mbullock/Documents/solarCar/Helios-Hermes/CommunicationLayer/CommDeviceControl/MqttMessageForwarder.cpp) Connected to MQTT Service Established
DEBUG: [2024-08-17-03-22-56-634-UTC] (/home/mbullock/Documents/solarCar/Helios-Hermes/CommunicationLayer/CommDeviceControl/MqttMessageForwarder.cpp) MqttMessageForwarder: Forwarding data
DEBUG: [2024-08-17-03-22-57-159-UTC] (/home/mbullock/Documents/solarCar/Helios-Hermes/CommunicationLayer/CommDeviceControl/MqttMessageForwarder.cpp) MqttMessageForwarder: Forwarding data
DEBUG: [2024-08-17-03-22-57-683-UTC] (/home/mbullock/Documents/solarCar/Helios-Hermes/CommunicationLayer/CommDeviceControl/MqttMessageForwarder.cpp) MqttMessageForwarder: Forwarding data
DEBUG: [2024-08-17-03-22-58-209-UTC] (/home/mbullock/Documents/solarCar/Helios-Hermes/CommunicationLayer/CommDeviceControl/MqttMessageForwarder.cpp) MqttMessageForwarder: Forwarding data
DEBUG: [2024-08-17-03-22-58-730-UTC] (/home/mbullock/Documents/solarCar/Helios-Hermes/CommunicationLayer/CommDeviceControl/MqttMessageForwarder.cpp) MqttMessageForwarder: Forwarding data
DEBUG: [2024-08-17-03-22-59-231-UTC] (/home/mbullock/Documents/solarCar/Helios-Hermes/CommunicationLayer/CommDeviceControl/MqttMessageForwarder.cpp) MqttMessageForwarder: Forwarding data
DEBUG: [2024-08-17-03-22-59-731-UTC] (/home/mbullock/Documents/solarCar/Helios-Hermes/CommunicationLayer/CommDeviceControl/MqttMessageForwarder.cpp) MqttMessageForwarder: Forwarding data
DEBUG: [2024-08-17-03-23-00-231-UTC] (/home/mbullock/Documents/solarCar/Helios-Hermes/CommunicationLayer/CommDeviceControl/MqttMessageForwarder.cpp) MqttMessageForwarder: Forwarding data
DEBUG: [2024-08-17-03-23-00-731-UTC] (/home/mbullock/Documents/solarCar/Helios-Hermes/CommunicationLayer/CommDeviceControl/MqttMessageForwarder.cpp) MqttMessageForwarder: Forwarding data
INFO: [2024-08-17-03-26-08-262-UTC] (/home/mbullock/Documents/solarCar/Helios-Hermes/InfrastructureLayer/Logging/Logging.cpp) Logging Initialized
DEBUG: [2024-08-17-03-26-08-262-UTC] (/home/mbullock/Documents/solarCar/Helios-Hermes/CommunicationLayer/CommDeviceControl/MqttMessageForwarder.cpp) Attempting to Setup MQTT Client
DEBUG: [2024-08-17-03-26-08-267-UTC] (/home/mbullock/Documents/solarCar/Helios-Hermes/HeliosHermes.cpp) INIT
DEBUG: [2024-08-17-03-26-08-268-UTC] (/home/mbullock/Documents/solarCar/Helios-Hermes/CommunicationLayer/CommDeviceControl/MqttMessageForwarder.cpp) Connected to MQTT Service Established
DEBUG: [2024-08-17-03-26-08-743-UTC] (/home/mbullock/Documents/solarCar/Helios-Hermes/CommunicationLayer/CommDeviceControl/MqttMessageForwarder.cpp) MqttMessageForwarder: Forwarding data
DEBUG: [2024-08-17-03-26-09-230-UTC] (/home/mbullock/Documents/solarCar/Helios-Hermes/CommunicationLayer/CommDeviceControl/MqttMessageForwarder.cpp) MqttMessageForwarder: Forwarding data
DEBUG: [2024-08-17-03-26-09-730-UTC] (/home/mbullock/Documents/solarCar/Helios-Hermes/CommunicationLayer/CommDeviceControl/MqttMessageForwarder.cpp) MqttMessageForwarder: Forwarding data
DEBUG: [2024-08-17-03-26-10-230-UTC] (/home/mbullock/Documents/solarCar/Helios-Hermes/CommunicationLayer/CommDeviceControl/MqttMessageForwarder.cpp) MqttMessageForwarder: Forwarding data
DEBUG: [2024-08-17-03-26-10-730-UTC] (/home/mbullock/Documents/solarCar/Helios-Hermes/CommunicationLayer/CommDeviceControl/MqttMessageForwarder.cpp) MqttMessageForwarder: Forwarding data
DEBUG: [2024-08-17-03-26-11-230-UTC] (/home/mbullock/Documents/solarCar/Helios-Hermes/CommunicationLayer/CommDeviceControl/MqttMessageForwarder.cpp) MqttMessageForwarder: Forwarding data
DEBUG: [2024-08-17-03-26-11-730-UTC] (/home/mbullock/Documents/solarCar/Helios-Hermes/CommunicationLayer/CommDeviceControl/MqttMessageForwarder.cpp) MqttMessageForwarder: Forwarding data
DEBUG: [2024-08-17-03-26-12-230-UTC] (/home/mbullock/Documents/solarCar/Helios-Hermes/CommunicationLayer/CommDeviceControl/MqttMessageForwarder.cpp) MqttMessageForwarder: Forwarding data
DEBUG: [2024-08-17-03-26-12-730-UTC] (/home/mbullock/Documents/solarCar/Helios-Hermes/CommunicationLayer/CommDeviceControl/MqttMessageForwarder.cpp) MqttMessageForwarder: Forwarding data
DEBUG: [2024-08-17-03-26-13-230-UTC] (/home/mbullock/Documents/solarCar/Helios-Hermes/CommunicationLayer/CommDeviceControl/MqttMessageForwarder.cpp) MqttMessageForwarder: Forwarding data
DEBUG: [2024-08-17-03-26-13-730-UTC] (/home/mbullock/Documents/solarCar/Helios-Hermes/CommunicationLayer/CommDeviceControl/MqttMessageForwarder.cpp) MqttMessageForwarder: Forwarding data
DEBUG: [2024-08-17-03-26-13-733-UTC] (/home/mbullock/Documents/solarCar/Helios-Hermes/CommunicationLayer/CommDeviceControl/RadioCommDevice.cpp) Serial port received data
DEBUG: [2024-08-17-03-26-14-230-UTC] (/home/mbullock/Documents/solarCar/Helios-Hermes/CommunicationLayer/CommDeviceControl/MqttMessageForwarder.cpp) MqttMessageForwarder: Forwarding data
DEBUG: [2024-08-17-03-26-14-230-UTC] (/home/mbullock/Documents/solarCar/Helios-Hermes/CommunicationLayer/CommDeviceControl/RadioCommDevice.cpp) Serial port received data
DEBUG: [2024-08-17-03-26-14-730-UTC] (/home/mbullock/Documents/solarCar/Helios-Hermes/CommunicationLayer/CommDeviceControl/MqttMessageForwarder.cpp) MqttMessageForwarder: Forwarding data
DEBUG: [2024-08-17-03-26-14-730-UTC] (/home/mbullock/Documents/solarCar/Helios-Hermes/CommunicationLayer/CommDeviceControl/RadioCommDevice.cpp) Serial port received data
DEBUG: [2024-08-17-03-26-15-230-UTC] (/home/mbullock/Documents/solarCar/Helios-Hermes/CommunicationLayer/CommDeviceControl/RadioCommDevice.cpp) Serial port received data
DEBUG: [2024-08-17-03-26-15-230-UTC] (/home/mbullock/Documents/solarCar/Helios-Hermes/CommunicationLayer/CommDeviceControl/MqttMessageForwarder.cpp) MqttMessageForwarder: Forwarding data
DEBUG: [2024-08-17-03-26-15-730-UTC] (/home/mbullock/Documents/solarCar/Helios-Hermes/CommunicationLayer/CommDeviceControl/RadioCommDevice.cpp) Serial port received data
DEBUG: [2024-08-17-03-26-15-730-UTC] (/home/mbullock/Documents/solarCar/Helios-Hermes/CommunicationLayer/CommDeviceControl/MqttMessageForwarder.cpp) MqttMessageForwarder: Forwarding data
DEBUG: [2024-08-17-03-26-16-230-UTC] (/home/mbullock/Documents/solarCar/Helios-Hermes/CommunicationLayer/CommDeviceControl/MqttMessageForwarder.cpp) MqttMessageForwarder: Forwarding data
DEBUG: [2024-08-17-03-26-16-230-UTC] (/home/mbullock/Documents/solarCar/Helios-Hermes/CommunicationLayer/CommDeviceControl/RadioCommDevice.cpp) Serial port received data
DEBUG: [2024-08-17-03-26-16-730-UTC] (/home/mbullock/Documents/solarCar/Helios-Hermes/CommunicationLayer/CommDeviceControl/RadioCommDevice.cpp) Serial port received data
DEBUG: [2024-08-17-03-26-16-730-UTC] (/home/mbullock/Documents/solarCar/Helios-Hermes/CommunicationLayer/CommDeviceControl/MqttMessageForwarder.cpp) MqttMessageForwarder: Forwarding data
DEBUG: [2024-08-17-03-26-17-230-UTC] (/home/mbullock/Documents/solarCar/Helios-Hermes/CommunicationLayer/CommDeviceControl/MqttMessageForwarder.cpp) MqttMessageForwarder: Forwarding data
DEBUG: [2024-08-17-03-26-17-231-UTC] (/home/mbullock/Documents/solarCar/Helios-Hermes/CommunicationLayer/CommDeviceControl/RadioCommDevice.cpp) Serial port received data
DEBUG: [2024-08-17-03-26-17-730-UTC] (/home/mbullock/Documents/solarCar/Helios-Hermes/CommunicationLayer/CommDeviceControl/MqttMessageForwarder.cpp) MqttMessageForwarder: Forwarding data
DEBUG: [2024-08-17-03-26-17-731-UTC] (/home/mbullock/Documents/solarCar/Helios-Hermes/CommunicationLayer/CommDeviceControl/RadioCommDevice.cpp) Serial port received data
DEBUG: [2024-08-17-03-26-18-230-UTC] (/home/mbullock/Documents/solarCar/Helios-Hermes/CommunicationLayer/CommDeviceControl/MqttMessageForwarder.cpp) MqttMessageForwarder: Forwarding data
DEBUG: [2024-08-17-03-26-18-230-UTC] (/home/mbullock/Documents/solarCar/Helios-Hermes/CommunicationLayer/CommDeviceControl/RadioCommDevice.cpp) Serial port received data
DEBUG: [2024-08-17-03-26-18-730-UTC] (/home/mbullock/Documents/solarCar/Helios-Hermes/CommunicationLayer/CommDeviceControl/RadioCommDevice.cpp) Serial port received data
DEBUG: [2024-08-17-03-26-18-730-UTC] (/home/mbullock/Documents/solarCar/Helios-Hermes/CommunicationLayer/CommDeviceControl/MqttMessageForwarder.cpp) MqttMessageForwarder: Forwarding data
DEBUG: [2024-08-17-03-26-19-230-UTC] (/home/mbullock/Documents/solarCar/Helios-Hermes/CommunicationLayer/CommDeviceControl/RadioCommDevice.cpp) Serial port received data
DEBUG: [2024-08-17-03-26-19-230-UTC] (/home/mbullock/Documents/solarCar/Helios-Hermes/CommunicationLayer/CommDeviceControl/MqttMessageForwarder.cpp) MqttMessageForwarder: Forwarding data
DEBUG: [2024-08-17-03-26-19-729-UTC] (/home/mbullock/Documents/solarCar/Helios-Hermes/CommunicationLayer/CommDeviceControl/MqttMessageForwarder.cpp) MqttMessageForwarder: Forwarding data
DEBUG: [2024-08-17-03-26-19-730-UTC] (/home/mbullock/Documents/solarCar/Helios-Hermes/CommunicationLayer/CommDeviceControl/RadioCommDevice.cpp) Serial port received data
DEBUG: [2024-08-17-03-26-20-230-UTC] (/home/mbullock/Documents/solarCar/Helios-Hermes/CommunicationLayer/CommDeviceControl/MqttMessageForwarder.cpp) MqttMessageForwarder: Forwarding data
DEBUG: [2024-08-17-03-26-20-230-UTC] (/home/mbullock/Documents/solarCar/Helios-Hermes/CommunicationLayer/CommDeviceControl/RadioCommDevice.cpp) Serial port received data
DEBUG: [2024-08-17-03-26-20-730-UTC] (/home/mbullock/Documents/solarCar/Helios-Hermes/CommunicationLayer/CommDeviceControl/RadioCommDevice.cpp) Serial port received data
DEBUG: [2024-08-17-03-26-20-731-UTC] (/home/mbullock/Documents/solarCar/Helios-Hermes/CommunicationLayer/CommDeviceControl/MqttMessageForwarder.cpp) MqttMessageForwarder: Forwarding data
DEBUG: [2024-08-17-03-26-21-230-UTC] (/home/mbullock/Documents/solarCar/Helios-Hermes/CommunicationLayer/CommDeviceControl/MqttMessageForwarder.cpp) MqttMessageForwarder: Forwarding data
DEBUG: [2024-08-17-03-26-21-230-UTC] (/home/mbullock/Documents/solarCar/Helios-Hermes/CommunicationLayer/CommDeviceControl/RadioCommDevice.cpp) Serial port received data
DEBUG: [2024-08-17-03-26-21-730-UTC] (/home/mbullock/Documents/solarCar/Helios-Hermes/CommunicationLayer/CommDeviceControl/MqttMessageForwarder.cpp) MqttMessageForwarder: Forwarding data
DEBUG: [2024-08-17-03-26-21-732-UTC] (/home/mbullock/Documents/solarCar/Helios-Hermes/CommunicationLayer/CommDeviceControl/RadioCommDevice.cpp) Serial port received data
DEBUG: [2024-08-17-03-26-22-230-UTC] (/home/mbullock/Documents/solarCar/Helios-Hermes/CommunicationLayer/CommDeviceControl/MqttMessageForwarder.cpp) MqttMessageForwarder: Forwarding data
DEBUG: [2024-08-17-03-26-22-232-UTC] (/home/mbullock/Documents/solarCar/Helios-Hermes/CommunicationLayer/CommDeviceControl/RadioCommDevice.cpp) Serial port received data
DEBUG: [2024-08-17-03-26-22-730-UTC] (/home/mbullock/Documents/solarCar/Helios-Hermes/CommunicationLayer/CommDeviceControl/MqttMessageForwarder.cpp) MqttMessageForwarder: Forwarding data
DEBUG: [2024-08-17-03-26-22-733-UTC] (/home/mbullock/Documents/solarCar/Helios-Hermes/CommunicationLayer/CommDeviceControl/RadioCommDevice.cpp) Serial port received data
DEBUG: [2024-08-17-03-26-23-230-UTC] (/home/mbullock/Documents/solarCar/Helios-Hermes/CommunicationLayer/CommDeviceControl/RadioCommDevice.cpp) Serial port received data
DEBUG: [2024-08-17-03-26-23-230-UTC] (/home/mbullock/Documents/solarCar/Helios-Hermes/CommunicationLayer/CommDeviceControl/MqttMessageForwarder.cpp) MqttMessageForwarder: Forwarding data
DEBUG: [2024-08-17-03-26-23-729-UTC] (/home/mbullock/Documents/solarCar/Helios-Hermes/CommunicationLayer/CommDeviceControl/RadioCommDevice.cpp) Serial port received data
DEBUG: [2024-08-17-03-26-23-730-UTC] (/home/mbullock/Documents/solarCar/Helios-Hermes/CommunicationLayer/CommDeviceControl/MqttMessageForwarder.cpp) MqttMessageForwarder: Forwarding data
DEBUG: [2024-08-17-03-26-24-230-UTC] (/home/mbullock/Documents/solarCar/Helios-Hermes/CommunicationLayer/CommDeviceControl/RadioCommDevice.cpp) Serial port received data
DEBUG: [2024-08-17-03-26-24-230-UTC] (/home/mbullock/Documents/solarCar/Helios-Hermes/CommunicationLayer/CommDeviceControl/MqttMessageForwarder.cpp) MqttMessageForwarder: Forwarding data
DEBUG: [2024-08-17-03-26-24-730-UTC] (/home/mbullock/Documents/solarCar/Helios-Hermes/CommunicationLayer/CommDeviceControl/MqttMessageForwarder.cpp) MqttMessageForwarder: Forwarding data
DEBUG: [2024-08-17-03-26-24-737-UTC] (/home/mbullock/Documents/solarCar/Helios-Hermes/CommunicationLayer/CommDeviceControl/RadioCommDevice.cpp) Serial port received data
DEBUG: [2024-08-17-03-26-25-230-UTC] (/home/mbullock/Documents/solarCar/Helios-Hermes/CommunicationLayer/CommDeviceControl/MqttMessageForwarder.cpp) MqttMessageForwarder: Forwarding data
DEBUG: [2024-08-17-03-26-25-230-UTC] (/home/mbullock/Documents/solarCar/Helios-Hermes/CommunicationLayer/CommDeviceControl/RadioCommDevice.cpp) Serial port received data
DEBUG: [2024-08-17-03-26-25-730-UTC] (/home/mbullock/Documents/solarCar/Helios-Hermes/CommunicationLayer/CommDeviceControl/MqttMessageForwarder.cpp) MqttMessageForwarder: Forwarding data
DEBUG: [2024-08-17-03-26-26-230-UTC] (/home/mbullock/Documents/solarCar/Helios-Hermes/CommunicationLayer/CommDeviceControl/MqttMessageForwarder.cpp) MqttMessageForwarder: Forwarding data
DEBUG: [2024-08-17-03-26-26-730-UTC] (/home/mbullock/Documents/solarCar/Helios-Hermes/CommunicationLayer/CommDeviceControl/MqttMessageForwarder.cpp) MqttMessageForwarder: Forwarding data
DEBUG: [2024-08-17-03-26-27-230-UTC] (/home/mbullock/Documents/solarCar/Helios-Hermes/CommunicationLayer/CommDeviceControl/MqttMessageForwarder.cpp) MqttMessageForwarder: Forwarding data
DEBUG: [2024-08-17-03-26-27-730-UTC] (/home/mbullock/Documents/solarCar/Helios-Hermes/CommunicationLayer/CommDeviceControl/MqttMessageForwarder.cpp) MqttMessageForwarder: Forwarding data
DEBUG: [2024-08-17-03-26-28-230-UTC] (/home/mbullock/Documents/solarCar/Helios-Hermes/CommunicationLayer/CommDeviceControl/MqttMessageForwarder.cpp) MqttMessageForwarder: Forwarding data
DEBUG: [2024-08-17-03-26-28-730-UTC] (/home/mbullock/Documents/solarCar/Helios-Hermes/CommunicationLayer/CommDeviceControl/MqttMessageForwarder.cpp) MqttMessageForwarder: Forwarding data
DEBUG: [2024-08-17-03-26-29-230-UTC] (/home/mbullock/Documents/solarCar/Helios-Hermes/CommunicationLayer/CommDeviceControl/MqttMessageForwarder.cpp) MqttMessageForwarder: Forwarding data
DEBUG: [2024-08-17-03-26-29-730-UTC] (/home/mbullock/Documents/solarCar/Helios-Hermes/CommunicationLayer/CommDeviceControl/MqttMessageForwarder.cpp) MqttMessageForwarder: Forwarding data
DEBUG: [2024-08-17-03-26-30-230-UTC] (/home/mbullock/Documents/solarCar/Helios-Hermes/CommunicationLayer/CommDeviceControl/MqttMessageForwarder.cpp) MqttMessageForwarder: Forwarding data
